<?xml version="1.0" encoding="UTF-8"?>
<!-- Generated by org.testng.reporters.JUnitXMLReporter -->
<testsuite ignored="0" hostname="DESKTOP-4K9JEOA" failures="0" tests="15" name="regressionTest" time="0.113" errors="0" timestamp="2024-04-08T18:28:38 IST">
  <testcase classname="GroupingPackage.Grouping15" name="test1" time="0.012"/>
  <testcase classname="GroupingPackage.Grouping15" name="test10" time="0.002"/>
  <testcase classname="GroupingPackage.Grouping15" name="test11" time="0.003"/>
  <testcase classname="GroupingPackage.Grouping15" name="test12" time="0.005"/>
  <testcase classname="GroupingPackage.Grouping15" name="test13" time="0.002"/>
  <testcase classname="GroupingPackage.Grouping15" name="test14" time="0.001"/>
  <testcase classname="GroupingPackage.Grouping15" name="test15" time="0.002"/>
  <testcase classname="GroupingPackage.Grouping15" name="test2" time="0.002"/>
  <testcase classname="GroupingPackage.Grouping15" name="test3" time="0.002"/>
  <testcase classname="GroupingPackage.Grouping15" name="test4" time="0.002"/>
  <testcase classname="GroupingPackage.Grouping15" name="test5" time="0.001"/>
  <testcase classname="GroupingPackage.Grouping15" name="test6" time="0.003"/>
  <testcase classname="GroupingPackage.Grouping15" name="test7" time="0.003"/>
  <testcase classname="GroupingPackage.Grouping15" name="test8" time="0.001"/>
  <testcase classname="GroupingPackage.Grouping15" name="test9" time="0.003"/>
</testsuite> <!-- regressionTest -->
