<?xml version="1.0" encoding="UTF-8"?>
<!-- Generated by org.testng.reporters.JUnitXMLReporter -->
<testsuite ignored="10" hostname="DESKTOP-4K9JEOA" failures="0" tests="5" name="smokeTest" time="0.078" errors="0" timestamp="2024-04-08T18:34:11 IST">
  <testcase classname="GroupingPackage.Grouping15" name="test1" time="0.011"/>
  <testcase classname="GroupingPackage.Grouping15" name="test15" time="0.005"/>
  <testcase classname="GroupingPackage.Grouping15" name="test2" time="0.004"/>
  <testcase classname="GroupingPackage.Grouping15" name="test6" time="0.006"/>
  <testcase classname="GroupingPackage.Grouping15" name="test8" time="0.005"/>
  <testcase classname="GroupingPackage.Grouping15" name="test7" time="0.0">
    <ignored/>
  </testcase> <!-- test7 -->
  <testcase classname="GroupingPackage.Grouping15" name="test10" time="0.0">
    <ignored/>
  </testcase> <!-- test10 -->
  <testcase classname="GroupingPackage.Grouping15" name="test9" time="0.0">
    <ignored/>
  </testcase> <!-- test9 -->
  <testcase classname="GroupingPackage.Grouping15" name="test12" time="0.0">
    <ignored/>
  </testcase> <!-- test12 -->
  <testcase classname="GroupingPackage.Grouping15" name="test3" time="0.0">
    <ignored/>
  </testcase> <!-- test3 -->
  <testcase classname="GroupingPackage.Grouping15" name="test14" time="0.0">
    <ignored/>
  </testcase> <!-- test14 -->
  <testcase classname="GroupingPackage.Grouping15" name="test13" time="0.0">
    <ignored/>
  </testcase> <!-- test13 -->
  <testcase classname="GroupingPackage.Grouping15" name="test5" time="0.0">
    <ignored/>
  </testcase> <!-- test5 -->
  <testcase classname="GroupingPackage.Grouping15" name="test4" time="0.0">
    <ignored/>
  </testcase> <!-- test4 -->
  <testcase classname="GroupingPackage.Grouping15" name="test11" time="0.0">
    <ignored/>
  </testcase> <!-- test11 -->
</testsuite> <!-- smokeTest -->
