<?xml version="1.0" encoding="UTF-8"?>
<!-- Generated by org.testng.reporters.JUnitXMLReporter -->
<testsuite ignored="1" hostname="DESKTOP-4K9JEOA" failures="0" tests="3" name="Smoke Test cases" time="0.058" errors="0" timestamp="2024-04-08T18:13:50 IST">
  <testcase classname="Jaya_Maven.Selenium_Maven.GroupingDemo" name="add" time="0.009"/>
  <testcase classname="Jaya_Maven.Selenium_Maven.GroupingDemo" name="multi" time="0.003"/>
  <testcase classname="Jaya_Maven.Selenium_Maven.GroupingDemo" name="sub" time="0.002"/>
  <testcase classname="Jaya_Maven.Selenium_Maven.GroupingDemo" name="div" time="0.0">
    <ignored/>
  </testcase> <!-- div -->
</testsuite> <!-- Smoke Test cases -->
