<?xml version="1.0" encoding="UTF-8"?>
<!-- Generated by org.testng.reporters.JUnitXMLReporter -->
<testsuite ignored="0" hostname="DESKTOP-4K9JEOA" failures="0" tests="3" name="Login test cases" time="21.701" errors="0" timestamp="2024-04-04T16:15:10 IST">
  <testcase classname="Jaya_Maven.Selenium_Maven.One" name="amazon_login" time="9.365"/>
  <testcase classname="Jaya_Maven.Selenium_Maven.Three" name="facebook_login" time="4.214"/>
  <testcase classname="Jaya_Maven.Selenium_Maven.Two" name="flipkart_login" time="8.061"/>
</testsuite> <!-- Login test cases -->
