<?xml version="1.0" encoding="UTF-8"?>
<!-- Generated by org.testng.reporters.JUnitXMLReporter -->
<testsuite ignored="0" hostname="DESKTOP-4K9JEOA" failures="0" tests="3" name="Login test cases" time="41.589" errors="0" timestamp="2024-04-05T17:11:53 IST">
  <testcase classname="Jaya_Maven.Selenium_Maven.One" name="amazon_login" time="19.548"/>
  <testcase classname="Jaya_Maven.Selenium_Maven.Three" name="facebook_login" time="7.534"/>
  <testcase classname="Jaya_Maven.Selenium_Maven.Two" name="flipkart_login" time="14.443"/>
</testsuite> <!-- Login test cases -->
