<?xml version="1.0" encoding="UTF-8"?>
<!-- Generated by org.testng.reporters.JUnitXMLReporter -->
<testsuite ignored="9" hostname="DESKTOP-4K9JEOA" failures="0" tests="6" name="ComponentTest" time="0.072" errors="0" timestamp="2024-04-08T18:34:19 IST">
  <testcase classname="GroupingPackage.Grouping15" name="test11" time="0.011"/>
  <testcase classname="GroupingPackage.Grouping15" name="test13" time="0.003"/>
  <testcase classname="GroupingPackage.Grouping15" name="test14" time="0.001"/>
  <testcase classname="GroupingPackage.Grouping15" name="test4" time="0.002"/>
  <testcase classname="GroupingPackage.Grouping15" name="test6" time="0.003"/>
  <testcase classname="GroupingPackage.Grouping15" name="test7" time="0.003"/>
  <testcase classname="GroupingPackage.Grouping15" name="test15" time="0.0">
    <ignored/>
  </testcase> <!-- test15 -->
  <testcase classname="GroupingPackage.Grouping15" name="test10" time="0.0">
    <ignored/>
  </testcase> <!-- test10 -->
  <testcase classname="GroupingPackage.Grouping15" name="test9" time="0.0">
    <ignored/>
  </testcase> <!-- test9 -->
  <testcase classname="GroupingPackage.Grouping15" name="test12" time="0.0">
    <ignored/>
  </testcase> <!-- test12 -->
  <testcase classname="GroupingPackage.Grouping15" name="test3" time="0.0">
    <ignored/>
  </testcase> <!-- test3 -->
  <testcase classname="GroupingPackage.Grouping15" name="test8" time="0.0">
    <ignored/>
  </testcase> <!-- test8 -->
  <testcase classname="GroupingPackage.Grouping15" name="test5" time="0.0">
    <ignored/>
  </testcase> <!-- test5 -->
  <testcase classname="GroupingPackage.Grouping15" name="test2" time="0.0">
    <ignored/>
  </testcase> <!-- test2 -->
  <testcase classname="GroupingPackage.Grouping15" name="test1" time="0.0">
    <ignored/>
  </testcase> <!-- test1 -->
</testsuite> <!-- ComponentTest -->
