<?xml version="1.0" encoding="UTF-8"?>
<!-- Generated by org.testng.reporters.JUnitXMLReporter -->
<testsuite ignored="0" hostname="DESKTOP-4K9JEOA" failures="0" tests="3" name="Amazon Cart Testcases" time="43.428" errors="0" timestamp="2024-04-08T17:23:32 IST">
  <testcase classname="AmazonCartTestcases.Testcase1" name="search" time="5.581"/>
  <testcase classname="AmazonCartTestcases.Testcase2" name="first_product" time="3.581"/>
  <testcase classname="AmazonCartTestcases.Testcase3" name="add_to_cart" time="7.814"/>
</testsuite> <!-- Amazon Cart Testcases -->
