<?xml version="1.0" encoding="UTF-8"?>
<!-- Generated by org.testng.reporters.JUnitXMLReporter -->
<testsuite ignored="0" hostname="DESKTOP-4K9JEOA" failures="0" tests="3" name="ChromeTest" time="65.099" errors="0" timestamp="2024-04-15T10:32:58 IST">
  <testcase classname="ParallelCrossBrowserTesting.FlipkartLogin" name="flipkart_login" time="14.959"/>
  <testcase classname="ParallelCrossBrowserTesting.AmazonLogin" name="amazon_login" time="18.86"/>
  <testcase classname="ParallelCrossBrowserTesting.FacebookLogin" name="fb_login" time="3.2"/>
</testsuite> <!-- ChromeTest -->
