<?xml version="1.0" encoding="UTF-8"?>
<!-- Generated by org.testng.reporters.JUnitXMLReporter -->
<testsuite ignored="0" hostname="DESKTOP-4K9JEOA" failures="0" tests="3" name="EdgeTest" time="66.472" errors="0" timestamp="2024-04-15T10:32:59 IST">
  <testcase classname="ParallelCrossBrowserTesting.FlipkartLogin" name="flipkart_login" time="12.617"/>
  <testcase classname="ParallelCrossBrowserTesting.AmazonLogin" name="amazon_login" time="18.119"/>
  <testcase classname="ParallelCrossBrowserTesting.FacebookLogin" name="fb_login" time="6.697"/>
</testsuite> <!-- EdgeTest -->
