<?xml version="1.0" encoding="UTF-8"?>
<!-- Generated by org.testng.reporters.JUnitXMLReporter -->
<testsuite ignored="0" hostname="DESKTOP-4K9JEOA" failures="0" tests="3" name="FirefoxTest" time="79.604" errors="0" timestamp="2024-04-15T10:33:12 IST">
  <testcase classname="ParallelCrossBrowserTesting.FlipkartLogin" name="flipkart_login" time="15.604"/>
  <testcase classname="ParallelCrossBrowserTesting.AmazonLogin" name="amazon_login" time="17.788"/>
  <testcase classname="ParallelCrossBrowserTesting.FacebookLogin" name="fb_login" time="8.109"/>
</testsuite> <!-- FirefoxTest -->
