<?xml version="1.0" encoding="UTF-8"?>
<!-- Generated by org.testng.reporters.JUnitXMLReporter -->
<testsuite ignored="0" hostname="DESKTOP-4K9JEOA" failures="0" tests="3" name="Test" time="40.747" errors="0" timestamp="2024-04-15T10:23:57 IST">
  <testcase classname="ParallelCrossBrowserTesting.FlipkartLogin" name="flipkart_login" time="19.078"/>
  <testcase classname="ParallelCrossBrowserTesting.AmazonLogin" name="amazon_login" time="7.162"/>
  <testcase classname="ParallelCrossBrowserTesting.FacebookLogin" name="fb_login" time="5.806"/>
</testsuite> <!-- Test -->
