<?xml version="1.0" encoding="UTF-8"?>
<testng-results ignored="0" total="1" passed="1" failed="0" skipped="0">
  <reporter-output>
  </reporter-output>
  <suite started-at="2024-04-17T17:56:44 IST" name="Default suite" finished-at="2024-04-17T17:56:56 IST" duration-ms="11858">
    <groups>
    </groups>
    <test started-at="2024-04-17T17:56:44 IST" name="Default test" finished-at="2024-04-17T17:56:56 IST" duration-ms="11858">
      <class name="AssertionPrograms.FlipkartLoginAssertion">
        <test-method signature="flipkart_login()[pri:0, instance:AssertionPrograms.FlipkartLoginAssertion@7714e963]" started-at="2024-04-17T17:56:44 IST" name="flipkart_login" finished-at="2024-04-17T17:56:56 IST" duration-ms="11828" status="PASS">
          <reporter-output>
          </reporter-output>
        </test-method> <!-- flipkart_login -->
      </class> <!-- AssertionPrograms.FlipkartLoginAssertion -->
    </test> <!-- Default test -->
  </suite> <!-- Default suite -->
</testng-results>
