<?xml version="1.0" encoding="UTF-8"?>
<!-- Generated by org.testng.reporters.JUnitXMLReporter -->
<testsuite ignored="0" hostname="DESKTOP-4K9JEOA" failures="0" tests="3" name="Integration tcs" time="0.062" errors="0" timestamp="2024-04-04T15:33:23 IST">
  <testcase classname="Jaya_Maven.Selenium_Maven.One" name="testcase1" time="0.01"/>
  <testcase classname="Jaya_Maven.Selenium_Maven.Two" name="testcase2" time="0.001"/>
  <testcase classname="Jaya_Maven.Selenium_Maven.Three" name="testcase3" time="0.002"/>
</testsuite> <!-- Integration tcs -->
